{"C:\\Users\\Roman\\VSCodeProjects\\jest\\app.js": {"path":"C:\\Users\\Roman\\VSCodeProjects\\jest\\app.js","statementMap":{"0":{"start":{"line":2,"column":1},"end":{"line":10,"column":4}},"1":{"start":{"line":3,"column":14},"end":{"line":3,"column":29}},"2":{"start":{"line":4,"column":11},"end":{"line":4,"column":26}},"3":{"start":{"line":5,"column":2},"end":{"line":7,"column":13}},"4":{"start":{"line":7,"column":3},"end":{"line":7,"column":13}},"5":{"start":{"line":8,"column":2},"end":{"line":8,"column":30}},"6":{"start":{"line":8,"column":21},"end":{"line":8,"column":30}},"7":{"start":{"line":9,"column":2},"end":{"line":9,"column":11}},"8":{"start":{"line":11,"column":1},"end":{"line":11,"column":19}},"9":{"start":{"line":14,"column":0},"end":{"line":14,"column":32}}},"fnMap":{"0":{"name":"sortByName","decl":{"start":{"line":1,"column":9},"end":{"line":1,"column":19}},"loc":{"start":{"line":1,"column":32},"end":{"line":12,"column":1}},"line":1},"1":{"name":"(anonymous_1)","decl":{"start":{"line":2,"column":17},"end":{"line":2,"column":18}},"loc":{"start":{"line":2,"column":32},"end":{"line":10,"column":2}},"line":2}},"branchMap":{"0":{"loc":{"start":{"line":5,"column":2},"end":{"line":7,"column":13}},"type":"if","locations":[{"start":{"line":5,"column":2},"end":{"line":7,"column":13}},{"start":{},"end":{}}],"line":5},"1":{"loc":{"start":{"line":8,"column":2},"end":{"line":8,"column":30}},"type":"if","locations":[{"start":{"line":8,"column":2},"end":{"line":8,"column":30}},{"start":{},"end":{}}],"line":8}},"s":{"0":2,"1":7,"2":7,"3":7,"4":3,"5":4,"6":3,"7":1,"8":2,"9":1},"f":{"0":2,"1":7},"b":{"0":[3,4],"1":[3,1]},"_coverageSchema":"1a1c01bbd47fc00a2c39e90264f33305004495a9","hash":"1597307e408c7b264896ca9239949b88521239dd"}
}
